2017-02-16 15:36:13,029 INFO  [Log] ******************** 
******************** 
2017-02-16 15:36:13,041 INFO  [Log] ##########   SC Store - Sign in - TestCase 001   ########## 
2017-02-16 15:36:13,041 INFO  [Log] ##########   5   ######## 
2017-02-16 15:36:13,041 INFO  [Log] ******************** 
******************** 
2017-02-16 15:36:19,255 INFO  [Log] Excel sheet opened... 
2017-02-16 15:36:47,678 INFO  [Log] New Driver instantiated... 
2017-02-16 15:36:47,695 INFO  [Log] Implicit wait for 10 seconds... 
2017-02-16 15:36:48,183 INFO  [Log] Maximizing window... 
2017-02-16 15:37:06,595 INFO  [Log] Web application launched... 
2017-02-16 15:37:06,622 INFO  [Log] Username: sa_testid 
2017-02-16 15:37:06,623 INFO  [Log] Password: Steelcase1 
2017-02-16 15:37:06,660 INFO  [Log] LOGIN / REGISTER link found 
2017-02-16 15:37:06,836 INFO  [Log] Click on LOGIN/REGISTER... 
2017-02-16 15:37:06,873 INFO  [Log] Email text box found 
2017-02-16 15:37:07,110 INFO  [Log] Username entered... 
2017-02-16 15:37:07,203 INFO  [Log] Password text box found 
2017-02-16 15:37:07,261 INFO  [Log] Password entered... 
2017-02-16 15:37:07,319 INFO  [Log] Submit button found 
2017-02-16 15:37:11,183 INFO  [Log] Click on login button... 
2017-02-16 15:37:11,183 INFO  [Log] Sign in succesfully... 
2017-02-16 15:37:11,999 INFO  [Log] ******************** 
******************** 
2017-02-16 15:37:11,999 INFO  [Log] ##########    E N D    ########## 
2017-02-16 15:37:11,999 INFO  [Log] ******************** 
******************** 
2017-02-16 15:56:50,559 INFO  [Log] ******************** 
******************** 
2017-02-16 15:56:50,574 INFO  [Log] ##########   SC Store - Sign in - TestCase 001   ########## 
2017-02-16 15:56:50,574 INFO  [Log] ##########   5   ######## 
2017-02-16 15:56:50,575 INFO  [Log] ******************** 
******************** 
2017-02-16 15:56:52,950 INFO  [Log] Excel sheet opened... 
2017-02-16 15:57:11,236 INFO  [Log] New Driver instantiated... 
2017-02-16 15:57:12,301 INFO  [Log] Implicit wait for 10 seconds... 
2017-02-16 15:57:13,169 INFO  [Log] Maximizing window... 
2017-02-16 15:57:31,730 INFO  [Log] Web application launched... 
2017-02-16 15:57:32,167 INFO  [Log] Username: sa_testid 
2017-02-16 15:57:32,168 INFO  [Log] Password: Steelcase1 
2017-02-16 15:57:32,255 INFO  [Log] LOGIN / REGISTER link found 
2017-02-16 15:57:32,307 INFO  [Log] Click on LOGIN/REGISTER... 
2017-02-16 15:57:32,329 INFO  [Log] Email text box found 
2017-02-16 15:57:32,444 INFO  [Log] Username entered... 
2017-02-16 15:57:32,463 INFO  [Log] Password text box found 
2017-02-16 15:57:32,513 INFO  [Log] Password entered... 
2017-02-16 15:57:32,597 INFO  [Log] Submit button found 
2017-02-16 15:57:38,514 INFO  [Log] Click on login button... 
2017-02-16 15:57:38,515 INFO  [Log] Sign in succesfully... 
2017-02-16 15:57:39,653 INFO  [Log] ******************** 
******************** 
2017-02-16 15:57:39,653 INFO  [Log] ##########    E N D    ########## 
2017-02-16 15:57:39,653 INFO  [Log] ******************** 
******************** 
2017-02-16 16:57:31,824 INFO  [Log] ******************** 
******************** 
2017-02-16 16:57:31,846 INFO  [Log] ##########   UserDefinedFunctions_TC   ########## 
2017-02-16 16:57:31,846 INFO  [Log] ##########   5   ######## 
2017-02-16 16:57:31,846 INFO  [Log] ******************** 
******************** 
2017-02-16 16:57:34,519 INFO  [Log] Excel sheet opened... 
2017-02-16 16:57:56,120 INFO  [Log] New Driver instantiated... 
2017-02-16 16:57:56,129 INFO  [Log] Implicit wait for 10 seconds... 
2017-02-16 16:57:56,317 INFO  [Log] Maximizing window... 
2017-02-16 16:58:04,163 INFO  [Log] Web application launched... 
2017-02-16 16:58:04,574 INFO  [Log] Username: sa_testid 
2017-02-16 16:58:04,574 INFO  [Log] Password: Steelcase1 
2017-02-16 16:58:05,216 INFO  [Log] LOGIN / REGISTER link found 
2017-02-16 16:58:05,742 INFO  [Log] Click on LOGIN/REGISTER... 
2017-02-16 16:58:05,764 INFO  [Log] Email text box found 
2017-02-16 16:58:06,642 INFO  [Log] Username entered... 
2017-02-16 16:58:06,663 INFO  [Log] Password text box found 
2017-02-16 16:58:06,707 INFO  [Log] Password entered... 
2017-02-16 16:58:06,796 INFO  [Log] Submit button found 
2017-02-16 16:58:10,332 INFO  [Log] Click on login button... 
2017-02-16 16:58:10,332 INFO  [Log] Sign in succesfully... 
2017-02-16 16:58:10,532 INFO  [Log] ******************** 
******************** 
2017-02-16 16:58:10,532 INFO  [Log] ##########    E N D    ########## 
2017-02-16 16:58:10,532 INFO  [Log] ******************** 
******************** 
2017-02-16 17:03:51,521 INFO  [Log] ******************** 
******************** 
2017-02-16 17:03:51,522 INFO  [Log] ##########   UserDefinedFunctions_TC   ########## 
2017-02-16 17:03:51,522 INFO  [Log] ##########   5   ######## 
2017-02-16 17:03:51,522 INFO  [Log] ******************** 
******************** 
2017-02-16 17:03:52,050 INFO  [Log] Excel sheet opened... 
2017-02-16 17:03:56,060 INFO  [Log] New Driver instantiated... 
2017-02-16 17:03:56,065 INFO  [Log] Implicit wait for 10 seconds... 
2017-02-16 17:03:56,220 INFO  [Log] Maximizing window... 
2017-02-16 17:04:01,091 INFO  [Log] Web application launched... 
2017-02-16 17:04:01,104 INFO  [Log] Username: sa_testid 
2017-02-16 17:04:01,104 INFO  [Log] Password: Steelcase1 
2017-02-16 17:04:01,141 INFO  [Log] LOGIN / REGISTER link found 
2017-02-16 17:04:01,191 INFO  [Log] Click on LOGIN/REGISTER... 
2017-02-16 17:04:01,214 INFO  [Log] Email text box found 
2017-02-16 17:04:01,267 INFO  [Log] Username entered... 
2017-02-16 17:04:01,284 INFO  [Log] Password text box found 
2017-02-16 17:04:01,325 INFO  [Log] Password entered... 
2017-02-16 17:04:01,342 INFO  [Log] Submit button found 
2017-02-16 17:04:03,277 INFO  [Log] Click on login button... 
2017-02-16 17:04:03,277 INFO  [Log] Sign in succesfully... 
2017-02-16 17:04:03,756 INFO  [Log] ******************** 
******************** 
2017-02-16 17:04:03,756 INFO  [Log] ##########    E N D    ########## 
2017-02-16 17:04:03,756 INFO  [Log] ******************** 
******************** 
